0 info it worked if it ends with ok
1 verbose cli [ '/opt/boxen/nodenv/versions/v0.11.15/bin/node',
1 verbose cli   '/opt/boxen/nodenv/versions/v0.11.15/bin/npm',
1 verbose cli   'install',
1 verbose cli   '-g',
1 verbose cli   'strongloop' ]
2 info using npm@2.1.6
3 info using node@v0.11.15
4 silly cache add args [ 'strongloop', null ]
5 verbose cache add spec strongloop
6 silly cache add parsed spec { raw: 'strongloop',
6 silly cache add   scope: null,
6 silly cache add   name: 'strongloop',
6 silly cache add   rawSpec: '',
6 silly cache add   spec: '*',
6 silly cache add   type: 'range' }
7 verbose addNamed strongloop@*
8 silly addNamed semver.valid null
9 silly addNamed semver.validRange *
10 silly addNameRange { name: 'strongloop', range: '*', hasData: false }
11 verbose mapToRegistry name strongloop
12 verbose mapToRegistry uri https://vivintsolar.artifactoryonline.com/vivintsolar/api/npm/npm-virtual​/strongloop
13 verbose addNameRange registry:https://vivintsolar.artifactoryonline.com/vivintsolar/api/npm/npm-virtual​/strongloop not in flight; fetching
14 verbose request on initialization, where is /vivintsolar/api/npm/npm-virtual​/strongloop
15 verbose request after pass 1, where is /vivintsolar/api/npm/npm-virtual​/strongloop
16 verbose request url raw /vivintsolar/api/npm/npm-virtual​/strongloop
17 verbose request resolving registry [ 'https://vivintsolar.artifactoryonline.com/vivintsolar/api/npm/npm-virtual​/strongloop',
17 verbose request   './vivintsolar/api/npm/npm-virtual​/strongloop' ]
18 verbose request after pass 2, where is https://vivintsolar.artifactoryonline.com/vivintsolar/api/npm/npm-virtual​/vivintsolar/api/npm/npm-virtual​/strongloop
19 verbose request always-auth set; sending authorization
20 info attempt registry request try #1 at 9:46:49 AM
21 info retry will retry, error on last attempt: Error: This request requires auth credentials. Run `npm login` and repeat the request.
22 info attempt registry request try #2 at 9:46:59 AM
23 info retry will retry, error on last attempt: Error: This request requires auth credentials. Run `npm login` and repeat the request.
24 info attempt registry request try #3 at 9:47:59 AM
25 verbose stack Error: This request requires auth credentials. Run `npm login` and repeat the request.
25 verbose stack     at RegClient.authify (/opt/boxen/nodenv/versions/v0.11.15/lib/node_modules/npm/node_modules/npm-registry-client/lib/authify.js:22:14)
25 verbose stack     at RegClient.makeRequest (/opt/boxen/nodenv/versions/v0.11.15/lib/node_modules/npm/node_modules/npm-registry-client/lib/request.js:139:17)
25 verbose stack     at /opt/boxen/nodenv/versions/v0.11.15/lib/node_modules/npm/node_modules/npm-registry-client/lib/request.js:101:17
25 verbose stack     at RetryOperation._fn (/opt/boxen/nodenv/versions/v0.11.15/lib/node_modules/npm/node_modules/npm-registry-client/lib/attempt.js:20:5)
25 verbose stack     at null._onTimeout (/opt/boxen/nodenv/versions/v0.11.15/lib/node_modules/npm/node_modules/retry/lib/retry_operation.js:32:10)
25 verbose stack     at Timer.listOnTimeout (timers.js:109:15)
26 verbose cwd /Users/jamesblack/src/emptyclipgaming/nex2-api
27 error Darwin 14.0.0
28 error argv "/opt/boxen/nodenv/versions/v0.11.15/bin/node" "/opt/boxen/nodenv/versions/v0.11.15/bin/npm" "install" "-g" "strongloop"
29 error node v0.11.15
30 error npm  v2.1.6
31 error This request requires auth credentials. Run `npm login` and repeat the request.
32 error If you need help, you may report this error at:
32 error     <http://github.com/npm/npm/issues>
33 verbose exit [ 1, true ]
